<?xml version="1.0" encoding="UTF-8"?><testsuite errors="1" failures="0" name="Automation Demo Site" skipped="0" tests="1" time="31.25" timestamp="2021-12-16 12:57:36"><testcase name=""><error message="Cannot locate an element using css selector=Verify step&#10;For documentation on this error, please visit: https://www.seleniumhq.org/exceptions/no_such_element.html&#10;Build info: version: '3.141.59', revision: 'e82be7d358', time: '2018-11-14T08:17:03'&#10;System info: host: 'DESKTOP-R1B28CI', ip: '192.168.0.9', os.name: 'Windows 10', os.arch: 'amd64', os.version: '10.0', java.version: '1.8.0_202'&#10;Driver info: driver.version: RemoteWebDriver" type="java.lang.AssertionError">Cannot locate an element using css selector=Verify step
For documentation on this error, please visit: https://www.seleniumhq.org/exceptions/no_such_element.html
Build info: version: '3.141.59', revision: 'e82be7d358', time: '2018-11-14T08:17:03'
System info: host: 'DESKTOP-R1B28CI', ip: '192.168.0.9', os.name: 'Windows 10', os.arch: 'amd64', os.version: '10.0', java.version: '1.8.0_202'
Driver info: driver.version: RemoteWebDriver</error><system-err>Cannot locate an element using css selector=Verify step
For documentation on this error, please visit: https://www.seleniumhq.org/exceptions/no_such_element.html
Build info: version: '3.141.59', revision: 'e82be7d358', time: '2018-11-14T08:17:03'
System info: host: 'DESKTOP-R1B28CI', ip: '192.168.0.9', os.name: 'Windows 10', os.arch: 'amd64', os.version: '10.0', java.version: '1.8.0_202'
Driver info: driver.version: RemoteWebDriver&#13;
co.com.choucair.retotecnico.stepdefinitions.RetoTecnicoStepDefinition.completeAllTheField(RetoTecnicoStepDefinition.java:35)&#13;
âœ½.complete all the field(src/test/resources/feature/retoTecnico.feature:10)&#13;
</system-err></testcase></testsuite>